Found minimum set cover containing 22 sets in 0.002017 seconds.
Included sets: [3, 4, 5, 6, 7, 11, 12, 14, 15, 16, 18, 19, 20, 22, 23, 24, 25, 26, 28, 29, 32, 35]
Set #3: [1, 7, 8, 9, 10, 11, 12, 13]
Set #4: [2, 4, 14, 15, 16, 17, 18, 19, 20, 21, 22, 23, 24]
Set #5: [14, 25, 26, 27, 28, 29, 30, 31, 32]
Set #6: [33, 34, 35, 36]
Set #7: [37, 38, 39, 40]
Set #11: [5, 27, 46, 47, 48, 49, 50, 51]
Set #12: [7, 52, 53, 54, 55, 56, 57, 58]
Set #14: [46, 61, 62, 63, 64]
Set #15: [17, 43, 47, 65, 66, 67, 68, 69, 70]
Set #16: [59, 71, 72, 73]
Set #18: [34, 41, 74, 79, 80, 81]
Set #19: [18, 30, 45]
Set #20: [35, 38, 48, 66, 82, 83, 84, 85, 86, 87]
Set #22: [67, 75, 91]
Set #23: [20, 76, 92, 93]
Set #24: [36, 61, 77, 79, 83, 94, 95, 96]
Set #25: [8, 31, 52, 60, 72, 84, 92, 97, 98]
Set #26: [9, 21, 53, 62, 85, 99, 100, 101]
Set #28: [49, 54, 63, 73, 88, 103, 104, 105, 106]
Set #29: [11, 42, 55, 89, 97, 103, 107]
Set #32: [6, 12, 40, 44, 57, 80, 90, 93, 102, 108]
Set #35: [3, 13, 70, 78, 87, 106, 109]
